<?xml version="1.0" encoding="UTF-8"?>
<!-- Generated by org.testng.reporters.JUnitReportReporter -->
<testsuite hostname="DESKTOP-6FES5U0" failures="0" tests="1" name="Demo" time="4.036" errors="0" timestamp="2024-09-22T08:24:49 IST" skipped="0">
  <testcase classname="Demo" name="login" time="4.036"/>
  <system-out/>
</testsuite> <!-- Demo -->
