<?xml version="1.0" encoding="UTF-8"?>
<!-- Generated by org.testng.reporters.JUnitReportReporter -->
<testsuite hostname="DESKTOP-6FES5U0" failures="0" tests="1" name="com.TestCases.TC001_RegisterPage" time="7.092" errors="0" timestamp="2024-09-22T22:38:16 IST" skipped="0">
  <testcase classname="com.TestCases.TC001_RegisterPage" name="verifyRegisterPage" time="7.092"/>
</testsuite> <!-- com.TestCases.TC001_RegisterPage -->
